<?xml version="1.0" encoding="UTF-8"?>
<!-- Generated by org.testng.reporters.JUnitXMLReporter -->
<testsuite ignored="2" hostname="DESKTOP-42967V9" failures="0" tests="4" name="Simple Smoke Test" time="340.832" errors="0" timestamp="2021-03-15T22:48:58 IST">
  <testcase classname="com.sample.test.demoScript1" name="DemoTest1" time="0.009"/>
  <testcase classname="com.sample.test.demoScript1" name="DemoTest2" time="0.012"/>
  <testcase classname="com.sample.test.Tickets" name="createTicketTest" time="159.809"/>
  <testcase classname="com.sample.test.Tickets" name="searchAndVerifyTicketDetailsAndSendMessageAsClient" time="155.103"/>
  <testcase classname="com.sample.Util.TestBed" name="@AfterSuite afterSuite" time="0.0">
    <ignored/>
  </testcase> <!-- @AfterSuite afterSuite -->
  <testcase classname="com.sample.Util.TestBed" name="@BeforeTest beforeTest" time="0.0">
    <ignored/>
  </testcase> <!-- @BeforeTest beforeTest -->
</testsuite> <!-- Simple Smoke Test -->
