<?xml version="1.0" encoding="UTF-8"?>
<testng-results ignored="2" total="6" passed="4" failed="0" skipped="0">
  <reporter-output>
    <line>
      <![CDATA[login successful for user: autotestuser_90@yopmail.com]]>
    </line>
    <line>
      <![CDATA[Ticket created Successfully]]>
    </line>
    <line>
      <![CDATA[logout Successful]]>
    </line>
    <line>
      <![CDATA[login successful for user: autotestuser_90@yopmail.com]]>
    </line>
    <line>
      <![CDATA[logout Successful]]>
    </line>
  </reporter-output>
  <suite started-at="2021-03-15T22:43:17 IST" name="Simple Smoke Test Suite" finished-at="2021-03-15T22:48:58 IST" duration-ms="340832">
    <groups>
    </groups>
    <test started-at="2021-03-15T22:43:17 IST" name="Simple Smoke Test" finished-at="2021-03-15T22:48:58 IST" duration-ms="340832">
      <class name="com.sample.test.demoScript1">
        <test-method is-config="true" signature="beforeTest()[pri:0, instance:com.sample.test.demoScript1@24aed80c]" started-at="2021-03-15T22:43:17 IST" name="beforeTest" finished-at="2021-03-15T22:43:17 IST" duration-ms="13" status="PASS">
          <reporter-output>
          </reporter-output>
        </test-method> <!-- beforeTest -->
        <test-method is-config="true" signature="beforeClass()[pri:0, instance:com.sample.test.demoScript1@24aed80c]" started-at="2021-03-15T22:43:17 IST" name="beforeClass" finished-at="2021-03-15T22:43:32 IST" duration-ms="14608" status="PASS">
          <reporter-output>
          </reporter-output>
        </test-method> <!-- beforeClass -->
        <test-method is-config="true" signature="beforeMethod()[pri:0, instance:com.sample.test.demoScript1@24aed80c]" started-at="2021-03-15T22:43:32 IST" name="beforeMethod" finished-at="2021-03-15T22:43:32 IST" duration-ms="0" status="PASS">
          <reporter-output>
          </reporter-output>
        </test-method> <!-- beforeMethod -->
        <test-method signature="DemoTest1()[pri:0, instance:com.sample.test.demoScript1@24aed80c]" started-at="2021-03-15T22:43:32 IST" name="DemoTest1" finished-at="2021-03-15T22:43:32 IST" duration-ms="9" status="PASS">
          <reporter-output>
          </reporter-output>
        </test-method> <!-- DemoTest1 -->
        <test-method is-config="true" signature="tearDown(org.testng.ITestResult)[pri:0, instance:com.sample.test.demoScript1@24aed80c]" started-at="2021-03-15T22:43:32 IST" name="tearDown" finished-at="2021-03-15T22:43:32 IST" duration-ms="3" status="PASS">
          <params>
            <param index="0">
              <value>
                <![CDATA[[TestResult name=DemoTest1 status=SUCCESS method=demoScript1.DemoTest1()[pri:0, instance:com.sample.test.demoScript1@24aed80c] output={null}]]]>
              </value>
            </param>
          </params>
          <reporter-output>
          </reporter-output>
        </test-method> <!-- tearDown -->
        <test-method is-config="true" signature="beforeMethod()[pri:0, instance:com.sample.test.demoScript1@24aed80c]" started-at="2021-03-15T22:43:32 IST" name="beforeMethod" finished-at="2021-03-15T22:43:32 IST" duration-ms="2" status="PASS">
          <reporter-output>
          </reporter-output>
        </test-method> <!-- beforeMethod -->
        <test-method signature="DemoTest2()[pri:0, instance:com.sample.test.demoScript1@24aed80c]" started-at="2021-03-15T22:43:32 IST" name="DemoTest2" finished-at="2021-03-15T22:43:32 IST" duration-ms="12" status="PASS">
          <reporter-output>
          </reporter-output>
        </test-method> <!-- DemoTest2 -->
        <test-method is-config="true" signature="tearDown(org.testng.ITestResult)[pri:0, instance:com.sample.test.demoScript1@24aed80c]" started-at="2021-03-15T22:43:32 IST" name="tearDown" finished-at="2021-03-15T22:43:32 IST" duration-ms="1" status="PASS">
          <params>
            <param index="0">
              <value>
                <![CDATA[[TestResult name=DemoTest2 status=SUCCESS method=demoScript1.DemoTest2()[pri:0, instance:com.sample.test.demoScript1@24aed80c] output={null}]]]>
              </value>
            </param>
          </params>
          <reporter-output>
          </reporter-output>
        </test-method> <!-- tearDown -->
        <test-method is-config="true" signature="tearDown()[pri:0, instance:com.sample.test.demoScript1@24aed80c]" started-at="2021-03-15T22:43:32 IST" name="tearDown" finished-at="2021-03-15T22:43:33 IST" duration-ms="880" status="PASS">
          <reporter-output>
          </reporter-output>
        </test-method> <!-- tearDown -->
        <test-method is-config="true" signature="afterSuite()[pri:0, instance:com.sample.test.demoScript1@24aed80c]" started-at="2021-03-15T22:48:58 IST" name="afterSuite" finished-at="2021-03-15T22:48:58 IST" duration-ms="0" status="PASS">
          <reporter-output>
          </reporter-output>
        </test-method> <!-- afterSuite -->
      </class> <!-- com.sample.test.demoScript1 -->
      <class name="com.sample.test.Tickets">
        <test-method is-config="true" signature="beforeClass()[pri:0, instance:com.sample.test.Tickets@3a52dba3]" started-at="2021-03-15T22:43:33 IST" name="beforeClass" finished-at="2021-03-15T22:43:41 IST" duration-ms="8842" status="PASS">
          <reporter-output>
          </reporter-output>
        </test-method> <!-- beforeClass -->
        <test-method is-config="true" signature="beforeclass()[pri:0, instance:com.sample.test.Tickets@3a52dba3]" started-at="2021-03-15T22:43:41 IST" name="beforeclass" finished-at="2021-03-15T22:43:41 IST" duration-ms="68" status="PASS">
          <reporter-output>
          </reporter-output>
        </test-method> <!-- beforeclass -->
        <test-method is-config="true" signature="beforeMethod()[pri:0, instance:com.sample.test.Tickets@3a52dba3]" started-at="2021-03-15T22:43:41 IST" name="beforeMethod" finished-at="2021-03-15T22:43:41 IST" duration-ms="1" status="PASS">
          <reporter-output>
          </reporter-output>
        </test-method> <!-- beforeMethod -->
        <test-method signature="createTicketTest(java.lang.String, java.lang.String, java.lang.String, java.lang.String, java.lang.String)[pri:1, instance:com.sample.test.Tickets@3a52dba3]" started-at="2021-03-15T22:43:41 IST" name="createTicketTest" data-provider="clientTicketsData" finished-at="2021-03-15T22:46:21 IST" duration-ms="159809" status="PASS">
          <params>
            <param index="0">
              <value>
                <![CDATA[autotestuser_90@yopmail.com]]>
              </value>
            </param>
            <param index="1">
              <value>
                <![CDATA[Welcome@123]]>
              </value>
            </param>
            <param index="2">
              <value>
                <![CDATA[AutoTkt748]]>
              </value>
            </param>
            <param index="3">
              <value>
                <![CDATA[Body of the ticket]]>
              </value>
            </param>
            <param index="4">
              <value>
                <![CDATA[D:\automation\test\Data\img.jpg]]>
              </value>
            </param>
          </params>
          <reporter-output>
            <line>
              <![CDATA[login successful for user: autotestuser_90@yopmail.com]]>
            </line>
            <line>
              <![CDATA[Ticket created Successfully]]>
            </line>
            <line>
              <![CDATA[logout Successful]]>
            </line>
          </reporter-output>
        </test-method> <!-- createTicketTest -->
        <test-method is-config="true" signature="tearDown(org.testng.ITestResult)[pri:0, instance:com.sample.test.Tickets@3a52dba3]" started-at="2021-03-15T22:46:21 IST" name="tearDown" finished-at="2021-03-15T22:46:21 IST" duration-ms="1" status="PASS">
          <params>
            <param index="0">
              <value>
                <![CDATA[[TestResult name=createTicketTest status=SUCCESS method=Tickets.createTicketTest(java.lang.String, java.lang.String, java.lang.String, java.lang.String, java.lang.String)[pri:1, instance:com.sample.test.Tickets@3a52dba3] output=login successful for user: autotestuser_90@yopmail.com]]]>
              </value>
            </param>
          </params>
          <reporter-output>
          </reporter-output>
        </test-method> <!-- tearDown -->
        <test-method is-config="true" signature="beforeMethod()[pri:0, instance:com.sample.test.Tickets@3a52dba3]" started-at="2021-03-15T22:46:21 IST" name="beforeMethod" finished-at="2021-03-15T22:46:21 IST" duration-ms="1" status="PASS">
          <reporter-output>
          </reporter-output>
        </test-method> <!-- beforeMethod -->
        <test-method signature="searchAndVerifyTicketDetailsAndSendMessageAsClient(java.lang.String, java.lang.String, java.lang.String, java.lang.String, java.lang.String)[pri:2, instance:com.sample.test.Tickets@3a52dba3]" started-at="2021-03-15T22:46:21 IST" name="searchAndVerifyTicketDetailsAndSendMessageAsClient" data-provider="clientTicketsData" finished-at="2021-03-15T22:48:56 IST" depends-on-methods="com.sample.test.Tickets.createTicketTest" duration-ms="155103" status="PASS">
          <params>
            <param index="0">
              <value>
                <![CDATA[autotestuser_90@yopmail.com]]>
              </value>
            </param>
            <param index="1">
              <value>
                <![CDATA[Welcome@123]]>
              </value>
            </param>
            <param index="2">
              <value>
                <![CDATA[AutoTkt748]]>
              </value>
            </param>
            <param index="3">
              <value>
                <![CDATA[Body of the ticket]]>
              </value>
            </param>
            <param index="4">
              <value>
                <![CDATA[D:\automation\test\Data\img.jpg]]>
              </value>
            </param>
          </params>
          <reporter-output>
            <line>
              <![CDATA[login successful for user: autotestuser_90@yopmail.com]]>
            </line>
            <line>
              <![CDATA[logout Successful]]>
            </line>
          </reporter-output>
        </test-method> <!-- searchAndVerifyTicketDetailsAndSendMessageAsClient -->
        <test-method is-config="true" signature="tearDown(org.testng.ITestResult)[pri:0, instance:com.sample.test.Tickets@3a52dba3]" started-at="2021-03-15T22:48:56 IST" name="tearDown" finished-at="2021-03-15T22:48:56 IST" duration-ms="2" status="PASS">
          <params>
            <param index="0">
              <value>
                <![CDATA[[TestResult name=searchAndVerifyTicketDetailsAndSendMessageAsClient status=SUCCESS method=Tickets.searchAndVerifyTicketDetailsAndSendMessageAsClient(java.lang.String, java.lang.String, java.lang.String, java.lang.String, java.lang.String)[pri:2, instance:com.sample.test.Tickets@3a52dba3] output=login successful for user: autotestuser_90@yopmail.com]]]>
              </value>
            </param>
          </params>
          <reporter-output>
          </reporter-output>
        </test-method> <!-- tearDown -->
        <test-method is-config="true" signature="tearDown()[pri:0, instance:com.sample.test.Tickets@3a52dba3]" started-at="2021-03-15T22:48:56 IST" name="tearDown" finished-at="2021-03-15T22:48:58 IST" duration-ms="1376" status="PASS">
          <reporter-output>
          </reporter-output>
        </test-method> <!-- tearDown -->
      </class> <!-- com.sample.test.Tickets -->
    </test> <!-- Simple Smoke Test -->
  </suite> <!-- Simple Smoke Test Suite -->
</testng-results>
